<?xml version="1.0" encoding="UTF-8"?>
<!-- Generated by org.testng.reporters.JUnitReportReporter -->
<testsuite hostname="EGCA1-0091" failures="0" tests="2" name="main.Start" time="45.673" errors="0" timestamp="2022-01-22T06:24:39 EET" skipped="0">
  <testcase classname="main.Start" name="startApplication" time="16.963"/>
  <system-out/>
  <testcase classname="main.Start" name="login" time="28.710"/>
  <system-out/>
</testsuite> <!-- main.Start -->
